 Real BLAS Test Program Results


 Test of subprogram number  1             DDOT 
                                    ----- PASS -----

 Test of subprogram number  2            DAXPY 
                                    ----- PASS -----

 Test of subprogram number  3            DROTG 
                                    ----- PASS -----

 Test of subprogram number  4             DROT 
                                    ----- PASS -----

 Test of subprogram number  5            DCOPY 
                                    ----- PASS -----

 Test of subprogram number  6            DSWAP 
                                    ----- PASS -----

 Test of subprogram number  7            DNRM2 
                                    ----- PASS -----

 Test of subprogram number  8            DASUM 
                                    ----- PASS -----

 Test of subprogram number  9            DSCAL 
                                    ----- PASS -----

 Test of subprogram number 10            IDAMAX
                                    ----- PASS -----

 Test of subprogram number 11            DROTMG
                                       FAIL

 CASE  N INCX INCY  I                             COMP(I)                             TRUE(I)  DIFFERENCE     SIZE(I)

   11  5 9999 9999  1                      0.21250649D+13                      0.75497472D-02  0.2125D+13  0.7550D-02
   11  5 9999 9999  3                      0.19402554D-05                      0.32552083D+02 -0.3255D+02  0.3255D+02
   11  5 9999 9999  6                      0.14551915D-10                      0.24414062D-03 -0.2441D-03  0.2441D-03
   11  5 9999 9999  8                      0.48506384D-07                      0.81380208D+00 -0.8138D+00  0.8138D+00

 Test of subprogram number 12            DROTM 
                                    ----- PASS -----

 Test of subprogram number 13            DSDOT 
                                    ----- PASS -----
